{"C:\\Users\\nisso\\Documents\\University\\Year 2\\OOP Assignment\\AnnualLeaveProject\\src\\controller\\controllers\\DepartmentController.ts": {"path":"C:\\Users\\nisso\\Documents\\University\\Year 2\\OOP Assignment\\AnnualLeaveProject\\src\\controller\\controllers\\DepartmentController.ts","statementMap":{"0":{"start":{"line":2,"column":0},"end":{"line":2,"column":50}},"1":{"start":{"line":3,"column":0},"end":{"line":3,"column":55}},"2":{"start":{"line":4,"column":0},"end":{"line":4,"column":73}},"3":{"start":{"line":5,"column":0},"end":{"line":5,"column":48}},"4":{"start":{"line":6,"column":0},"end":{"line":6,"column":43}},"5":{"start":{"line":10,"column":9},"end":{"line":13,"column":4}},"6":{"start":{"line":11,"column":24},"end":{"line":11,"column":76}},"7":{"start":{"line":12,"column":4},"end":{"line":12,"column":58}},"8":{"start":{"line":15,"column":9},"end":{"line":21,"column":4}},"9":{"start":{"line":16,"column":21},"end":{"line":16,"column":29}},"10":{"start":{"line":17,"column":23},"end":{"line":17,"column":39}},"11":{"start":{"line":18,"column":4},"end":{"line":18,"column":27}},"12":{"start":{"line":19,"column":4},"end":{"line":19,"column":67}},"13":{"start":{"line":20,"column":4},"end":{"line":20,"column":78}},"14":{"start":{"line":24,"column":2},"end":{"line":55,"column":3}},"15":{"start":{"line":25,"column":22},"end":{"line":25,"column":46}},"16":{"start":{"line":27,"column":4},"end":{"line":29,"column":5}},"17":{"start":{"line":28,"column":6},"end":{"line":28,"column":91}},"18":{"start":{"line":31,"column":21},"end":{"line":31,"column":54}},"19":{"start":{"line":33,"column":20},"end":{"line":36,"column":6}},"20":{"start":{"line":38,"column":4},"end":{"line":40,"column":5}},"21":{"start":{"line":39,"column":6},"end":{"line":39,"column":92}},"22":{"start":{"line":42,"column":25},"end":{"line":42,"column":56}},"23":{"start":{"line":44,"column":22},"end":{"line":49,"column":6}},"24":{"start":{"line":51,"column":4},"end":{"line":51,"column":56}},"25":{"start":{"line":53,"column":4},"end":{"line":53,"column":25}},"26":{"start":{"line":54,"column":4},"end":{"line":54,"column":92}},"27":{"start":{"line":9,"column":0},"end":{"line":9,"column":13}}},"fnMap":{"0":{"name":"(anonymous_0)","decl":{"start":{"line":9,"column":0},"end":{"line":9,"column":13}},"loc":{"start":{"line":9,"column":0},"end":{"line":57,"column":1}}},"1":{"name":"(anonymous_1)","decl":{"start":{"line":10,"column":18},"end":{"line":10,"column":23}},"loc":{"start":{"line":10,"column":71},"end":{"line":13,"column":3}}},"2":{"name":"(anonymous_2)","decl":{"start":{"line":15,"column":18},"end":{"line":15,"column":23}},"loc":{"start":{"line":15,"column":71},"end":{"line":21,"column":3}}},"3":{"name":"(anonymous_3)","decl":{"start":{"line":23,"column":9},"end":{"line":23,"column":14}},"loc":{"start":{"line":23,"column":80},"end":{"line":56,"column":1}}}},"branchMap":{"0":{"loc":{"start":{"line":27,"column":4},"end":{"line":29,"column":5}},"type":"if","locations":[{"start":{"line":27,"column":4},"end":{"line":29,"column":5}}]},"1":{"loc":{"start":{"line":38,"column":4},"end":{"line":40,"column":5}},"type":"if","locations":[{"start":{"line":38,"column":4},"end":{"line":40,"column":5}}]},"2":{"loc":{"start":{"line":38,"column":8},"end":{"line":38,"column":39}},"type":"binary-expr","locations":[{"start":{"line":38,"column":8},"end":{"line":38,"column":16}},{"start":{"line":38,"column":20},"end":{"line":38,"column":39}}]}},"s":{"0":1,"1":1,"2":1,"3":1,"4":1,"5":3,"6":0,"7":0,"8":3,"9":0,"10":0,"11":0,"12":0,"13":0,"14":3,"15":3,"16":3,"17":0,"18":3,"19":3,"20":2,"21":1,"22":1,"23":1,"24":1,"25":1,"26":1,"27":1},"f":{"0":3,"1":0,"2":0,"3":3},"b":{"0":[0],"1":[1],"2":[2,1]}}
,"C:\\Users\\nisso\\Documents\\University\\Year 2\\OOP Assignment\\AnnualLeaveProject\\src\\controller\\controllers\\LeaveRequestController.ts": {"path":"C:\\Users\\nisso\\Documents\\University\\Year 2\\OOP Assignment\\AnnualLeaveProject\\src\\controller\\controllers\\LeaveRequestController.ts","statementMap":{"0":{"start":{"line":2,"column":0},"end":{"line":2,"column":59}},"1":{"start":{"line":3,"column":0},"end":{"line":3,"column":43}},"2":{"start":{"line":4,"column":0},"end":{"line":4,"column":53}},"3":{"start":{"line":5,"column":0},"end":{"line":5,"column":50}},"4":{"start":{"line":6,"column":0},"end":{"line":6,"column":41}},"5":{"start":{"line":7,"column":0},"end":{"line":7,"column":73}},"6":{"start":{"line":9,"column":0},"end":{"line":9,"column":63}},"7":{"start":{"line":59,"column":9},"end":{"line":81,"column":2}},"8":{"start":{"line":60,"column":20},"end":{"line":60,"column":44}},"9":{"start":{"line":62,"column":29},"end":{"line":62,"column":72}},"10":{"start":{"line":63,"column":27},"end":{"line":63,"column":68}},"11":{"start":{"line":65,"column":26},"end":{"line":68,"column":4}},"12":{"start":{"line":70,"column":22},"end":{"line":70,"column":69}},"13":{"start":{"line":70,"column":51},"end":{"line":70,"column":68}},"14":{"start":{"line":72,"column":26},"end":{"line":78,"column":4}},"15":{"start":{"line":80,"column":2},"end":{"line":80,"column":60}},"16":{"start":{"line":83,"column":7},"end":{"line":143,"column":2}},"17":{"start":{"line":84,"column":20},"end":{"line":84,"column":43}},"18":{"start":{"line":86,"column":2},"end":{"line":142,"column":3}},"19":{"start":{"line":87,"column":25},"end":{"line":90,"column":6}},"20":{"start":{"line":92,"column":4},"end":{"line":94,"column":5}},"21":{"start":{"line":93,"column":6},"end":{"line":93,"column":85}},"22":{"start":{"line":96,"column":4},"end":{"line":98,"column":5}},"23":{"start":{"line":97,"column":6},"end":{"line":97,"column":99}},"24":{"start":{"line":100,"column":18},"end":{"line":100,"column":50}},"25":{"start":{"line":101,"column":16},"end":{"line":101,"column":46}},"26":{"start":{"line":102,"column":19},"end":{"line":102,"column":38}},"27":{"start":{"line":103,"column":26},"end":{"line":103,"column":83}},"28":{"start":{"line":105,"column":21},"end":{"line":105,"column":54}},"29":{"start":{"line":106,"column":17},"end":{"line":110,"column":15}},"30":{"start":{"line":112,"column":4},"end":{"line":114,"column":5}},"31":{"start":{"line":113,"column":6},"end":{"line":113,"column":76}},"32":{"start":{"line":116,"column":4},"end":{"line":118,"column":5}},"33":{"start":{"line":117,"column":6},"end":{"line":117,"column":88}},"34":{"start":{"line":120,"column":4},"end":{"line":122,"column":7}},"35":{"start":{"line":124,"column":4},"end":{"line":124,"column":37}},"36":{"start":{"line":125,"column":4},"end":{"line":125,"column":39}},"37":{"start":{"line":127,"column":44},"end":{"line":127,"column":48}},"38":{"start":{"line":128,"column":49},"end":{"line":128,"column":61}},"39":{"start":{"line":130,"column":4},"end":{"line":138,"column":7}},"40":{"start":{"line":140,"column":4},"end":{"line":140,"column":25}},"41":{"start":{"line":141,"column":4},"end":{"line":141,"column":84}},"42":{"start":{"line":145,"column":7},"end":{"line":186,"column":2}},"43":{"start":{"line":146,"column":20},"end":{"line":146,"column":43}},"44":{"start":{"line":148,"column":2},"end":{"line":185,"column":3}},"45":{"start":{"line":149,"column":25},"end":{"line":152,"column":6}},"46":{"start":{"line":154,"column":4},"end":{"line":156,"column":5}},"47":{"start":{"line":155,"column":6},"end":{"line":155,"column":85}},"48":{"start":{"line":158,"column":4},"end":{"line":160,"column":5}},"49":{"start":{"line":159,"column":6},"end":{"line":159,"column":99}},"50":{"start":{"line":162,"column":4},"end":{"line":162,"column":62}},"51":{"start":{"line":164,"column":21},"end":{"line":164,"column":54}},"52":{"start":{"line":165,"column":17},"end":{"line":169,"column":15}},"53":{"start":{"line":171,"column":44},"end":{"line":171,"column":48}},"54":{"start":{"line":172,"column":49},"end":{"line":172,"column":61}},"55":{"start":{"line":174,"column":4},"end":{"line":181,"column":7}},"56":{"start":{"line":183,"column":4},"end":{"line":183,"column":25}},"57":{"start":{"line":184,"column":4},"end":{"line":184,"column":83}},"58":{"start":{"line":188,"column":7},"end":{"line":229,"column":2}},"59":{"start":{"line":189,"column":20},"end":{"line":189,"column":53}},"60":{"start":{"line":191,"column":2},"end":{"line":228,"column":3}},"61":{"start":{"line":192,"column":25},"end":{"line":195,"column":6}},"62":{"start":{"line":197,"column":4},"end":{"line":199,"column":5}},"63":{"start":{"line":198,"column":6},"end":{"line":198,"column":85}},"64":{"start":{"line":201,"column":4},"end":{"line":203,"column":5}},"65":{"start":{"line":202,"column":6},"end":{"line":202,"column":100}},"66":{"start":{"line":205,"column":4},"end":{"line":205,"column":63}},"67":{"start":{"line":207,"column":21},"end":{"line":207,"column":54}},"68":{"start":{"line":208,"column":17},"end":{"line":212,"column":15}},"69":{"start":{"line":214,"column":44},"end":{"line":214,"column":48}},"70":{"start":{"line":215,"column":49},"end":{"line":215,"column":61}},"71":{"start":{"line":217,"column":4},"end":{"line":224,"column":7}},"72":{"start":{"line":226,"column":4},"end":{"line":226,"column":25}},"73":{"start":{"line":227,"column":4},"end":{"line":227,"column":83}},"74":{"start":{"line":230,"column":7},"end":{"line":253,"column":2}},"75":{"start":{"line":231,"column":2},"end":{"line":252,"column":3}},"76":{"start":{"line":232,"column":19},"end":{"line":232,"column":43}},"77":{"start":{"line":234,"column":4},"end":{"line":236,"column":5}},"78":{"start":{"line":235,"column":6},"end":{"line":235,"column":84}},"79":{"start":{"line":238,"column":23},"end":{"line":241,"column":6}},"80":{"start":{"line":243,"column":4},"end":{"line":245,"column":5}},"81":{"start":{"line":244,"column":6},"end":{"line":244,"column":63}},"82":{"start":{"line":247,"column":25},"end":{"line":247,"column":68}},"83":{"start":{"line":247,"column":63},"end":{"line":247,"column":67}},"84":{"start":{"line":248,"column":4},"end":{"line":248,"column":59}},"85":{"start":{"line":250,"column":4},"end":{"line":250,"column":25}},"86":{"start":{"line":251,"column":4},"end":{"line":251,"column":86}},"87":{"start":{"line":15,"column":4},"end":{"line":15,"column":58}},"88":{"start":{"line":19,"column":2},"end":{"line":24,"column":5}},"89":{"start":{"line":20,"column":17},"end":{"line":20,"column":75}},"90":{"start":{"line":21,"column":6},"end":{"line":21,"column":53}},"91":{"start":{"line":23,"column":6},"end":{"line":23,"column":158}},"92":{"start":{"line":28,"column":2},"end":{"line":57,"column":3}},"93":{"start":{"line":29,"column":64},"end":{"line":29,"column":72}},"94":{"start":{"line":31,"column":4},"end":{"line":33,"column":5}},"95":{"start":{"line":32,"column":6},"end":{"line":32,"column":98}},"96":{"start":{"line":35,"column":21},"end":{"line":35,"column":54}},"97":{"start":{"line":36,"column":26},"end":{"line":36,"column":64}},"98":{"start":{"line":38,"column":17},"end":{"line":38,"column":53}},"99":{"start":{"line":39,"column":22},"end":{"line":39,"column":68}},"100":{"start":{"line":41,"column":4},"end":{"line":43,"column":5}},"101":{"start":{"line":42,"column":6},"end":{"line":42,"column":90}},"102":{"start":{"line":45,"column":23},"end":{"line":45,"column":41}},"103":{"start":{"line":46,"column":4},"end":{"line":46,"column":27}},"104":{"start":{"line":47,"column":4},"end":{"line":47,"column":37}},"105":{"start":{"line":48,"column":4},"end":{"line":48,"column":47}},"106":{"start":{"line":49,"column":4},"end":{"line":49,"column":43}},"107":{"start":{"line":50,"column":4},"end":{"line":50,"column":39}},"108":{"start":{"line":52,"column":19},"end":{"line":52,"column":51}},"109":{"start":{"line":53,"column":4},"end":{"line":53,"column":58}},"110":{"start":{"line":55,"column":4},"end":{"line":55,"column":25}},"111":{"start":{"line":56,"column":4},"end":{"line":56,"column":121}},"112":{"start":{"line":11,"column":0},"end":{"line":11,"column":13}}},"fnMap":{"0":{"name":"(anonymous_0)","decl":{"start":{"line":14,"column":2},"end":{"line":14,"column":null}},"loc":{"start":{"line":14,"column":2},"end":{"line":16,"column":3}}},"1":{"name":"(anonymous_1)","decl":{"start":{"line":59,"column":30},"end":{"line":59,"column":35}},"loc":{"start":{"line":59,"column":100},"end":{"line":81,"column":1}}},"2":{"name":"(anonymous_2)","decl":{"start":{"line":70,"column":42},"end":{"line":70,"column":47}},"loc":{"start":{"line":70,"column":51},"end":{"line":70,"column":68}}},"3":{"name":"(anonymous_3)","decl":{"start":{"line":83,"column":18},"end":{"line":83,"column":23}},"loc":{"start":{"line":83,"column":71},"end":{"line":143,"column":1}}},"4":{"name":"(anonymous_4)","decl":{"start":{"line":145,"column":18},"end":{"line":145,"column":23}},"loc":{"start":{"line":145,"column":71},"end":{"line":186,"column":1}}},"5":{"name":"(anonymous_5)","decl":{"start":{"line":188,"column":19},"end":{"line":188,"column":24}},"loc":{"start":{"line":188,"column":72},"end":{"line":229,"column":1}}},"6":{"name":"(anonymous_6)","decl":{"start":{"line":230,"column":23},"end":{"line":230,"column":28}},"loc":{"start":{"line":230,"column":76},"end":{"line":253,"column":1}}},"7":{"name":"(anonymous_7)","decl":{"start":{"line":247,"column":40},"end":{"line":247,"column":41}},"loc":{"start":{"line":247,"column":63},"end":{"line":247,"column":67}}},"8":{"name":"(anonymous_8)","decl":{"start":{"line":18,"column":0},"end":{"line":18,"column":5}},"loc":{"start":{"line":18,"column":40},"end":{"line":25,"column":3}}},"9":{"name":"(anonymous_9)","decl":{"start":{"line":27,"column":0},"end":{"line":27,"column":5}},"loc":{"start":{"line":27,"column":40},"end":{"line":58,"column":1}}}},"branchMap":{"0":{"loc":{"start":{"line":92,"column":4},"end":{"line":94,"column":5}},"type":"if","locations":[{"start":{"line":92,"column":4},"end":{"line":94,"column":5}}]},"1":{"loc":{"start":{"line":96,"column":4},"end":{"line":98,"column":5}},"type":"if","locations":[{"start":{"line":96,"column":4},"end":{"line":98,"column":5}}]},"2":{"loc":{"start":{"line":112,"column":4},"end":{"line":114,"column":5}},"type":"if","locations":[{"start":{"line":112,"column":4},"end":{"line":114,"column":5}}]},"3":{"loc":{"start":{"line":116,"column":4},"end":{"line":118,"column":5}},"type":"if","locations":[{"start":{"line":116,"column":4},"end":{"line":118,"column":5}}]},"4":{"loc":{"start":{"line":154,"column":4},"end":{"line":156,"column":5}},"type":"if","locations":[{"start":{"line":154,"column":4},"end":{"line":156,"column":5}}]},"5":{"loc":{"start":{"line":158,"column":4},"end":{"line":160,"column":5}},"type":"if","locations":[{"start":{"line":158,"column":4},"end":{"line":160,"column":5}}]},"6":{"loc":{"start":{"line":197,"column":4},"end":{"line":199,"column":5}},"type":"if","locations":[{"start":{"line":197,"column":4},"end":{"line":199,"column":5}}]},"7":{"loc":{"start":{"line":201,"column":4},"end":{"line":203,"column":5}},"type":"if","locations":[{"start":{"line":201,"column":4},"end":{"line":203,"column":5}}]},"8":{"loc":{"start":{"line":234,"column":4},"end":{"line":236,"column":5}},"type":"if","locations":[{"start":{"line":234,"column":4},"end":{"line":236,"column":5}}]},"9":{"loc":{"start":{"line":243,"column":4},"end":{"line":245,"column":5}},"type":"if","locations":[{"start":{"line":243,"column":4},"end":{"line":245,"column":5}}]},"10":{"loc":{"start":{"line":31,"column":4},"end":{"line":33,"column":5}},"type":"if","locations":[{"start":{"line":31,"column":4},"end":{"line":33,"column":5}}]},"11":{"loc":{"start":{"line":31,"column":8},"end":{"line":31,"column":57}},"type":"binary-expr","locations":[{"start":{"line":31,"column":8},"end":{"line":31,"column":15}},{"start":{"line":31,"column":19},"end":{"line":31,"column":31}},{"start":{"line":31,"column":35},"end":{"line":31,"column":45}},{"start":{"line":31,"column":49},"end":{"line":31,"column":57}}]},"12":{"loc":{"start":{"line":41,"column":4},"end":{"line":43,"column":5}},"type":"if","locations":[{"start":{"line":41,"column":4},"end":{"line":43,"column":5}}]},"13":{"loc":{"start":{"line":41,"column":8},"end":{"line":41,"column":27}},"type":"binary-expr","locations":[{"start":{"line":41,"column":8},"end":{"line":41,"column":13}},{"start":{"line":41,"column":17},"end":{"line":41,"column":27}}]},"14":{"loc":{"start":{"line":50,"column":24},"end":{"line":50,"column":38}},"type":"binary-expr","locations":[{"start":{"line":50,"column":24},"end":{"line":50,"column":30}},{"start":{"line":50,"column":34},"end":{"line":50,"column":38}}]}},"s":{"0":1,"1":1,"2":1,"3":1,"4":1,"5":1,"6":1,"7":8,"8":1,"9":1,"10":1,"11":1,"12":1,"13":1,"14":1,"15":1,"16":8,"17":1,"18":1,"19":1,"20":1,"21":0,"22":1,"23":0,"24":1,"25":1,"26":1,"27":1,"28":1,"29":1,"30":1,"31":0,"32":1,"33":0,"34":1,"35":0,"36":0,"37":0,"38":0,"39":0,"40":1,"41":1,"42":8,"43":1,"44":1,"45":1,"46":1,"47":0,"48":1,"49":0,"50":1,"51":1,"52":1,"53":1,"54":1,"55":1,"56":0,"57":0,"58":8,"59":1,"60":1,"61":1,"62":1,"63":0,"64":1,"65":0,"66":1,"67":1,"68":1,"69":1,"70":1,"71":1,"72":0,"73":0,"74":8,"75":1,"76":1,"77":1,"78":0,"79":1,"80":1,"81":0,"82":1,"83":1,"84":1,"85":0,"86":0,"87":8,"88":0,"89":0,"90":0,"91":0,"92":3,"93":3,"94":3,"95":1,"96":2,"97":2,"98":2,"99":2,"100":2,"101":1,"102":1,"103":1,"104":1,"105":1,"106":1,"107":1,"108":1,"109":1,"110":0,"111":0,"112":1},"f":{"0":8,"1":1,"2":1,"3":1,"4":1,"5":1,"6":1,"7":1,"8":0,"9":3},"b":{"0":[0],"1":[0],"2":[0],"3":[0],"4":[0],"5":[0],"6":[0],"7":[0],"8":[0],"9":[0],"10":[1],"11":[3,2,2,2],"12":[1],"13":[2,1],"14":[1,0]}}
,"C:\\Users\\nisso\\Documents\\University\\Year 2\\OOP Assignment\\AnnualLeaveProject\\src\\controller\\controllers\\LeaveTypeController.ts": {"path":"C:\\Users\\nisso\\Documents\\University\\Year 2\\OOP Assignment\\AnnualLeaveProject\\src\\controller\\controllers\\LeaveTypeController.ts","statementMap":{"0":{"start":{"line":2,"column":0},"end":{"line":2,"column":53}},"1":{"start":{"line":3,"column":0},"end":{"line":3,"column":50}},"2":{"start":{"line":5,"column":0},"end":{"line":5,"column":73}},"3":{"start":{"line":11,"column":4},"end":{"line":11,"column":55}},"4":{"start":{"line":15,"column":4},"end":{"line":20,"column":5}},"5":{"start":{"line":16,"column":19},"end":{"line":16,"column":41}},"6":{"start":{"line":17,"column":6},"end":{"line":17,"column":53}},"7":{"start":{"line":19,"column":6},"end":{"line":19,"column":106}},"8":{"start":{"line":24,"column":4},"end":{"line":30,"column":5}},"9":{"start":{"line":25,"column":26},"end":{"line":25,"column":52}},"10":{"start":{"line":26,"column":21},"end":{"line":26,"column":54}},"11":{"start":{"line":27,"column":6},"end":{"line":27,"column":60}},"12":{"start":{"line":29,"column":6},"end":{"line":29,"column":107}},"13":{"start":{"line":7,"column":0},"end":{"line":7,"column":13}}},"fnMap":{"0":{"name":"(anonymous_0)","decl":{"start":{"line":10,"column":2},"end":{"line":10,"column":null}},"loc":{"start":{"line":10,"column":2},"end":{"line":12,"column":3}}},"1":{"name":"(anonymous_1)","decl":{"start":{"line":14,"column":2},"end":{"line":14,"column":7}},"loc":{"start":{"line":14,"column":42},"end":{"line":21,"column":3}}},"2":{"name":"(anonymous_2)","decl":{"start":{"line":23,"column":2},"end":{"line":23,"column":7}},"loc":{"start":{"line":23,"column":42},"end":{"line":31,"column":3}}}},"branchMap":{},"s":{"0":1,"1":1,"2":1,"3":4,"4":2,"5":2,"6":1,"7":1,"8":2,"9":2,"10":2,"11":1,"12":1,"13":1},"f":{"0":4,"1":2,"2":2},"b":{}}
,"C:\\Users\\nisso\\Documents\\University\\Year 2\\OOP Assignment\\AnnualLeaveProject\\src\\controller\\controllers\\LoginController.ts": {"path":"C:\\Users\\nisso\\Documents\\University\\Year 2\\OOP Assignment\\AnnualLeaveProject\\src\\controller\\controllers\\LoginController.ts","statementMap":{"0":{"start":{"line":1,"column":0},"end":{"line":1,"column":50}},"1":{"start":{"line":2,"column":0},"end":{"line":2,"column":43}},"2":{"start":{"line":4,"column":0},"end":{"line":4,"column":48}},"3":{"start":{"line":5,"column":0},"end":{"line":5,"column":73}},"4":{"start":{"line":6,"column":0},"end":{"line":6,"column":31}},"5":{"start":{"line":7,"column":0},"end":{"line":7,"column":73}},"6":{"start":{"line":10,"column":10},"end":{"line":10,"column":61}},"7":{"start":{"line":13,"column":32},"end":{"line":13,"column":40}},"8":{"start":{"line":15,"column":4},"end":{"line":17,"column":5}},"9":{"start":{"line":16,"column":6},"end":{"line":16,"column":85}},"10":{"start":{"line":19,"column":17},"end":{"line":24,"column":13}},"11":{"start":{"line":26,"column":4},"end":{"line":28,"column":5}},"12":{"start":{"line":27,"column":6},"end":{"line":27,"column":81}},"13":{"start":{"line":30,"column":26},"end":{"line":30,"column":92}},"14":{"start":{"line":31,"column":4},"end":{"line":33,"column":5}},"15":{"start":{"line":32,"column":6},"end":{"line":32,"column":84}},"16":{"start":{"line":35,"column":18},"end":{"line":42,"column":null}},"17":{"start":{"line":45,"column":4},"end":{"line":45,"column":43}},"18":{"start":{"line":48,"column":4},"end":{"line":57,"column":5}},"19":{"start":{"line":49,"column":20},"end":{"line":49,"column":52}},"20":{"start":{"line":50,"column":6},"end":{"line":53,"column":7}},"21":{"start":{"line":51,"column":8},"end":{"line":51,"column":71}},"22":{"start":{"line":52,"column":8},"end":{"line":52,"column":15}},"23":{"start":{"line":54,"column":6},"end":{"line":54,"column":54}},"24":{"start":{"line":56,"column":6},"end":{"line":56,"column":86}},"25":{"start":{"line":9,"column":0},"end":{"line":9,"column":13}}},"fnMap":{"0":{"name":"(anonymous_1)","decl":{"start":{"line":9,"column":0},"end":{"line":9,"column":13}},"loc":{"start":{"line":9,"column":0},"end":{"line":59,"column":1}}},"1":{"name":"(anonymous_2)","decl":{"start":{"line":12,"column":2},"end":{"line":12,"column":7}},"loc":{"start":{"line":12,"column":41},"end":{"line":46,"column":3}}},"2":{"name":"(anonymous_3)","decl":{"start":{"line":47,"column":9},"end":{"line":47,"column":14}},"loc":{"start":{"line":47,"column":49},"end":{"line":58,"column":3}}}},"branchMap":{"0":{"loc":{"start":{"line":15,"column":4},"end":{"line":17,"column":5}},"type":"if","locations":[{"start":{"line":15,"column":4},"end":{"line":17,"column":5}}]},"1":{"loc":{"start":{"line":15,"column":8},"end":{"line":15,"column":27}},"type":"binary-expr","locations":[{"start":{"line":15,"column":8},"end":{"line":15,"column":14}},{"start":{"line":15,"column":18},"end":{"line":15,"column":27}}]},"2":{"loc":{"start":{"line":26,"column":4},"end":{"line":28,"column":5}},"type":"if","locations":[{"start":{"line":26,"column":4},"end":{"line":28,"column":5}}]},"3":{"loc":{"start":{"line":31,"column":4},"end":{"line":33,"column":5}},"type":"if","locations":[{"start":{"line":31,"column":4},"end":{"line":33,"column":5}}]},"4":{"loc":{"start":{"line":50,"column":6},"end":{"line":53,"column":7}},"type":"if","locations":[{"start":{"line":50,"column":6},"end":{"line":53,"column":7}}]},"5":{"loc":{"start":{"line":50,"column":10},"end":{"line":50,"column":38}},"type":"binary-expr","locations":[{"start":{"line":50,"column":10},"end":{"line":50,"column":16}},{"start":{"line":50,"column":20},"end":{"line":50,"column":38}}]}},"s":{"0":1,"1":1,"2":1,"3":1,"4":1,"5":1,"6":7,"7":4,"8":4,"9":1,"10":3,"11":3,"12":1,"13":2,"14":2,"15":1,"16":1,"17":1,"18":3,"19":3,"20":2,"21":1,"22":1,"23":1,"24":1,"25":1},"f":{"0":7,"1":4,"2":3},"b":{"0":[1],"1":[4,3],"2":[1],"3":[1],"4":[1],"5":[2,2]}}
,"C:\\Users\\nisso\\Documents\\University\\Year 2\\OOP Assignment\\AnnualLeaveProject\\src\\controller\\controllers\\RoleController.ts": {"path":"C:\\Users\\nisso\\Documents\\University\\Year 2\\OOP Assignment\\AnnualLeaveProject\\src\\controller\\controllers\\RoleController.ts","statementMap":{"0":{"start":{"line":2,"column":0},"end":{"line":2,"column":50}},"1":{"start":{"line":3,"column":0},"end":{"line":3,"column":43}},"2":{"start":{"line":5,"column":0},"end":{"line":5,"column":48}},"3":{"start":{"line":6,"column":0},"end":{"line":6,"column":73}},"4":{"start":{"line":7,"column":0},"end":{"line":7,"column":43}},"5":{"start":{"line":9,"column":0},"end":{"line":9,"column":50}},"6":{"start":{"line":26,"column":11},"end":{"line":36,"column":6}},"7":{"start":{"line":27,"column":22},"end":{"line":27,"column":54}},"8":{"start":{"line":29,"column":8},"end":{"line":33,"column":9}},"9":{"start":{"line":30,"column":12},"end":{"line":31,"column":72}},"10":{"start":{"line":32,"column":12},"end":{"line":32,"column":19}},"11":{"start":{"line":35,"column":8},"end":{"line":35,"column":56}},"12":{"start":{"line":38,"column":11},"end":{"line":57,"column":6}},"13":{"start":{"line":39,"column":19},"end":{"line":39,"column":42}},"14":{"start":{"line":41,"column":8},"end":{"line":46,"column":9}},"15":{"start":{"line":42,"column":12},"end":{"line":44,"column":88}},"16":{"start":{"line":45,"column":12},"end":{"line":45,"column":19}},"17":{"start":{"line":48,"column":25},"end":{"line":48,"column":84}},"18":{"start":{"line":49,"column":12},"end":{"line":54,"column":13}},"19":{"start":{"line":50,"column":16},"end":{"line":52,"column":101}},"20":{"start":{"line":53,"column":16},"end":{"line":53,"column":23}},"21":{"start":{"line":56,"column":8},"end":{"line":56,"column":55}},"22":{"start":{"line":59,"column":11},"end":{"line":73,"column":6}},"23":{"start":{"line":60,"column":19},"end":{"line":60,"column":29}},"24":{"start":{"line":61,"column":8},"end":{"line":61,"column":34}},"25":{"start":{"line":62,"column":23},"end":{"line":62,"column":43}},"26":{"start":{"line":64,"column":8},"end":{"line":66,"column":9}},"27":{"start":{"line":65,"column":12},"end":{"line":65,"column":100}},"28":{"start":{"line":65,"column":50},"end":{"line":65,"column":86}},"29":{"start":{"line":68,"column":8},"end":{"line":68,"column":52}},"30":{"start":{"line":70,"column":8},"end":{"line":72,"column":65}},"31":{"start":{"line":75,"column":11},"end":{"line":89,"column":6}},"32":{"start":{"line":76,"column":19},"end":{"line":76,"column":32}},"33":{"start":{"line":78,"column":8},"end":{"line":80,"column":9}},"34":{"start":{"line":79,"column":12},"end":{"line":79,"column":65}},"35":{"start":{"line":82,"column":23},"end":{"line":82,"column":59}},"36":{"start":{"line":84,"column":8},"end":{"line":86,"column":9}},"37":{"start":{"line":85,"column":12},"end":{"line":85,"column":81}},"38":{"start":{"line":88,"column":8},"end":{"line":88,"column":65}},"39":{"start":{"line":91,"column":11},"end":{"line":115,"column":6}},"40":{"start":{"line":92,"column":19},"end":{"line":92,"column":30}},"41":{"start":{"line":94,"column":8},"end":{"line":96,"column":9}},"42":{"start":{"line":95,"column":12},"end":{"line":95,"column":68}},"43":{"start":{"line":98,"column":19},"end":{"line":98,"column":71}},"44":{"start":{"line":100,"column":8},"end":{"line":102,"column":9}},"45":{"start":{"line":101,"column":12},"end":{"line":101,"column":68}},"46":{"start":{"line":104,"column":8},"end":{"line":104,"column":34}},"47":{"start":{"line":106,"column":23},"end":{"line":106,"column":43}},"48":{"start":{"line":107,"column":8},"end":{"line":109,"column":9}},"49":{"start":{"line":108,"column":12},"end":{"line":108,"column":100}},"50":{"start":{"line":108,"column":50},"end":{"line":108,"column":86}},"51":{"start":{"line":111,"column":8},"end":{"line":111,"column":52}},"52":{"start":{"line":113,"column":8},"end":{"line":114,"column":50}},"53":{"start":{"line":23,"column":8},"end":{"line":23,"column":64}},"54":{"start":{"line":11,"column":0},"end":{"line":11,"column":13}},"55":{"start":{"line":12,"column":27},"end":{"line":12,"column":50}},"56":{"start":{"line":13,"column":27},"end":{"line":13,"column":53}},"57":{"start":{"line":14,"column":27},"end":{"line":14,"column":50}},"58":{"start":{"line":15,"column":27},"end":{"line":15,"column":58}},"59":{"start":{"line":15,"column":74},"end":{"line":15,"column":55}},"60":{"start":{"line":16,"column":27},"end":{"line":16,"column":49}},"61":{"start":{"line":17,"column":27},"end":{"line":17,"column":60}},"62":{"start":{"line":18,"column":27},"end":{"line":18,"column":59}},"63":{"start":{"line":19,"column":27},"end":{"line":19,"column":63}}},"fnMap":{"0":{"name":"(anonymous_0)","decl":{"start":{"line":22,"column":4},"end":{"line":22,"column":null}},"loc":{"start":{"line":22,"column":4},"end":{"line":24,"column":5}}},"1":{"name":"(anonymous_1)","decl":{"start":{"line":26,"column":20},"end":{"line":26,"column":25}},"loc":{"start":{"line":26,"column":73},"end":{"line":36,"column":5}}},"2":{"name":"(anonymous_2)","decl":{"start":{"line":38,"column":21},"end":{"line":38,"column":26}},"loc":{"start":{"line":38,"column":74},"end":{"line":57,"column":5}}},"3":{"name":"(anonymous_3)","decl":{"start":{"line":59,"column":20},"end":{"line":59,"column":25}},"loc":{"start":{"line":59,"column":73},"end":{"line":73,"column":5}}},"4":{"name":"(anonymous_4)","decl":{"start":{"line":65,"column":43},"end":{"line":65,"column":46}},"loc":{"start":{"line":65,"column":50},"end":{"line":65,"column":86}}},"5":{"name":"(anonymous_5)","decl":{"start":{"line":75,"column":20},"end":{"line":75,"column":25}},"loc":{"start":{"line":75,"column":73},"end":{"line":89,"column":5}}},"6":{"name":"(anonymous_6)","decl":{"start":{"line":91,"column":20},"end":{"line":91,"column":25}},"loc":{"start":{"line":91,"column":73},"end":{"line":115,"column":5}}},"7":{"name":"(anonymous_7)","decl":{"start":{"line":108,"column":43},"end":{"line":108,"column":46}},"loc":{"start":{"line":108,"column":50},"end":{"line":108,"column":86}}},"8":{"name":"(anonymous_8)","decl":{"start":{"line":15,"column":58},"end":{"line":15,"column":59}},"loc":{"start":{"line":15,"column":74},"end":{"line":15,"column":55}}}},"branchMap":{"0":{"loc":{"start":{"line":29,"column":8},"end":{"line":33,"column":9}},"type":"if","locations":[{"start":{"line":29,"column":8},"end":{"line":33,"column":9}}]},"1":{"loc":{"start":{"line":41,"column":8},"end":{"line":46,"column":9}},"type":"if","locations":[{"start":{"line":41,"column":8},"end":{"line":46,"column":9}}]},"2":{"loc":{"start":{"line":49,"column":12},"end":{"line":54,"column":13}},"type":"if","locations":[{"start":{"line":49,"column":12},"end":{"line":54,"column":13}}]},"3":{"loc":{"start":{"line":64,"column":8},"end":{"line":66,"column":9}},"type":"if","locations":[{"start":{"line":64,"column":8},"end":{"line":66,"column":9}}]},"4":{"loc":{"start":{"line":65,"column":64},"end":{"line":65,"column":85}},"type":"binary-expr","locations":[{"start":{"line":65,"column":64},"end":{"line":65,"column":79}},{"start":{"line":65,"column":83},"end":{"line":65,"column":85}}]},"5":{"loc":{"start":{"line":78,"column":8},"end":{"line":80,"column":9}},"type":"if","locations":[{"start":{"line":78,"column":8},"end":{"line":80,"column":9}}]},"6":{"loc":{"start":{"line":84,"column":8},"end":{"line":86,"column":9}},"type":"if","locations":[{"start":{"line":84,"column":8},"end":{"line":86,"column":9}}]},"7":{"loc":{"start":{"line":94,"column":8},"end":{"line":96,"column":9}},"type":"if","locations":[{"start":{"line":94,"column":8},"end":{"line":96,"column":9}}]},"8":{"loc":{"start":{"line":100,"column":8},"end":{"line":102,"column":9}},"type":"if","locations":[{"start":{"line":100,"column":8},"end":{"line":102,"column":9}}]},"9":{"loc":{"start":{"line":107,"column":8},"end":{"line":109,"column":9}},"type":"if","locations":[{"start":{"line":107,"column":8},"end":{"line":109,"column":9}}]},"10":{"loc":{"start":{"line":108,"column":64},"end":{"line":108,"column":85}},"type":"binary-expr","locations":[{"start":{"line":108,"column":64},"end":{"line":108,"column":79}},{"start":{"line":108,"column":83},"end":{"line":108,"column":85}}]}},"s":{"0":1,"1":1,"2":1,"3":1,"4":1,"5":1,"6":13,"7":2,"8":2,"9":1,"10":1,"11":1,"12":13,"13":3,"14":3,"15":1,"16":1,"17":2,"18":2,"19":1,"20":1,"21":1,"22":13,"23":2,"24":2,"25":2,"26":2,"27":1,"28":1,"29":1,"30":1,"31":13,"32":3,"33":3,"34":1,"35":2,"36":2,"37":1,"38":1,"39":13,"40":3,"41":3,"42":1,"43":2,"44":2,"45":1,"46":1,"47":1,"48":1,"49":0,"50":0,"51":1,"52":1,"53":13,"54":1,"55":1,"56":1,"57":1,"58":1,"59":1,"60":1,"61":1,"62":1,"63":1},"f":{"0":13,"1":2,"2":3,"3":2,"4":1,"5":3,"6":3,"7":0,"8":1},"b":{"0":[1],"1":[1],"2":[1],"3":[1],"4":[1,0],"5":[1],"6":[1],"7":[1],"8":[1],"9":[0],"10":[0,0]}}
,"C:\\Users\\nisso\\Documents\\University\\Year 2\\OOP Assignment\\AnnualLeaveProject\\src\\controller\\controllers\\UserController.ts": {"path":"C:\\Users\\nisso\\Documents\\University\\Year 2\\OOP Assignment\\AnnualLeaveProject\\src\\controller\\controllers\\UserController.ts","statementMap":{"0":{"start":{"line":2,"column":0},"end":{"line":2,"column":50}},"1":{"start":{"line":3,"column":0},"end":{"line":3,"column":43}},"2":{"start":{"line":4,"column":0},"end":{"line":4,"column":63}},"3":{"start":{"line":6,"column":0},"end":{"line":6,"column":73}},"4":{"start":{"line":7,"column":0},"end":{"line":7,"column":52}},"5":{"start":{"line":8,"column":0},"end":{"line":8,"column":48}},"6":{"start":{"line":9,"column":0},"end":{"line":9,"column":43}},"7":{"start":{"line":36,"column":9},"end":{"line":53,"column":4}},"8":{"start":{"line":37,"column":4},"end":{"line":52,"column":5}},"9":{"start":{"line":38,"column":20},"end":{"line":40,"column":8}},"10":{"start":{"line":42,"column":6},"end":{"line":44,"column":7}},"11":{"start":{"line":43,"column":8},"end":{"line":43,"column":77}},"12":{"start":{"line":46,"column":6},"end":{"line":46,"column":54}},"13":{"start":{"line":49,"column":6},"end":{"line":51,"column":78}},"14":{"start":{"line":55,"column":9},"end":{"line":82,"column":4}},"15":{"start":{"line":56,"column":18},"end":{"line":56,"column":41}},"16":{"start":{"line":58,"column":4},"end":{"line":63,"column":5}},"17":{"start":{"line":59,"column":6},"end":{"line":61,"column":45}},"18":{"start":{"line":62,"column":6},"end":{"line":62,"column":13}},"19":{"start":{"line":65,"column":4},"end":{"line":81,"column":5}},"20":{"start":{"line":66,"column":19},"end":{"line":67,"column":30}},"21":{"start":{"line":68,"column":6},"end":{"line":73,"column":7}},"22":{"start":{"line":69,"column":8},"end":{"line":71,"column":32}},"23":{"start":{"line":72,"column":8},"end":{"line":72,"column":15}},"24":{"start":{"line":75,"column":6},"end":{"line":75,"column":53}},"25":{"start":{"line":78,"column":6},"end":{"line":80,"column":63}},"26":{"start":{"line":84,"column":9},"end":{"line":110,"column":4}},"27":{"start":{"line":85,"column":15},"end":{"line":85,"column":38}},"28":{"start":{"line":86,"column":4},"end":{"line":91,"column":5}},"29":{"start":{"line":87,"column":6},"end":{"line":89,"column":53}},"30":{"start":{"line":90,"column":6},"end":{"line":90,"column":13}},"31":{"start":{"line":93,"column":4},"end":{"line":109,"column":5}},"32":{"start":{"line":94,"column":19},"end":{"line":95,"column":30}},"33":{"start":{"line":96,"column":6},"end":{"line":101,"column":7}},"34":{"start":{"line":97,"column":8},"end":{"line":99,"column":59}},"35":{"start":{"line":100,"column":8},"end":{"line":100,"column":15}},"36":{"start":{"line":103,"column":6},"end":{"line":103,"column":53}},"37":{"start":{"line":106,"column":6},"end":{"line":108,"column":61}},"38":{"start":{"line":112,"column":9},"end":{"line":144,"column":4}},"39":{"start":{"line":113,"column":19},"end":{"line":113,"column":42}},"40":{"start":{"line":114,"column":22},"end":{"line":114,"column":38}},"41":{"start":{"line":116,"column":21},"end":{"line":116,"column":54}},"42":{"start":{"line":117,"column":23},"end":{"line":120,"column":6}},"43":{"start":{"line":122,"column":4},"end":{"line":124,"column":5}},"44":{"start":{"line":123,"column":6},"end":{"line":123,"column":75}},"45":{"start":{"line":126,"column":4},"end":{"line":136,"column":5}},"46":{"start":{"line":127,"column":33},"end":{"line":127,"column":76}},"47":{"start":{"line":128,"column":25},"end":{"line":131,"column":8}},"48":{"start":{"line":133,"column":6},"end":{"line":135,"column":7}},"49":{"start":{"line":134,"column":8},"end":{"line":134,"column":98}},"50":{"start":{"line":138,"column":4},"end":{"line":143,"column":7}},"51":{"start":{"line":146,"column":9},"end":{"line":161,"column":4}},"52":{"start":{"line":147,"column":18},"end":{"line":149,"column":6}},"53":{"start":{"line":151,"column":22},"end":{"line":158,"column":7}},"54":{"start":{"line":151,"column":41},"end":{"line":158,"column":6}},"55":{"start":{"line":160,"column":4},"end":{"line":160,"column":56}},"56":{"start":{"line":163,"column":9},"end":{"line":191,"column":4}},"57":{"start":{"line":164,"column":4},"end":{"line":190,"column":5}},"58":{"start":{"line":165,"column":17},"end":{"line":165,"column":27}},"59":{"start":{"line":166,"column":6},"end":{"line":166,"column":54}},"60":{"start":{"line":167,"column":6},"end":{"line":167,"column":78}},"61":{"start":{"line":168,"column":6},"end":{"line":168,"column":42}},"62":{"start":{"line":169,"column":6},"end":{"line":169,"column":38}},"63":{"start":{"line":170,"column":6},"end":{"line":170,"column":52}},"64":{"start":{"line":171,"column":6},"end":{"line":171,"column":44}},"65":{"start":{"line":172,"column":6},"end":{"line":172,"column":34}},"66":{"start":{"line":173,"column":6},"end":{"line":173,"column":40}},"67":{"start":{"line":174,"column":6},"end":{"line":174,"column":60}},"68":{"start":{"line":176,"column":21},"end":{"line":176,"column":41}},"69":{"start":{"line":177,"column":6},"end":{"line":179,"column":7}},"70":{"start":{"line":178,"column":8},"end":{"line":178,"column":92}},"71":{"start":{"line":178,"column":42},"end":{"line":178,"column":78}},"72":{"start":{"line":181,"column":6},"end":{"line":181,"column":50}},"73":{"start":{"line":182,"column":6},"end":{"line":184,"column":29}},"74":{"start":{"line":187,"column":6},"end":{"line":189,"column":23}},"75":{"start":{"line":193,"column":9},"end":{"line":216,"column":4}},"76":{"start":{"line":194,"column":15},"end":{"line":194,"column":28}},"77":{"start":{"line":196,"column":4},"end":{"line":215,"column":5}},"78":{"start":{"line":197,"column":6},"end":{"line":199,"column":7}},"79":{"start":{"line":198,"column":8},"end":{"line":198,"column":42}},"80":{"start":{"line":201,"column":21},"end":{"line":201,"column":57}},"81":{"start":{"line":203,"column":6},"end":{"line":205,"column":7}},"82":{"start":{"line":204,"column":8},"end":{"line":204,"column":63}},"83":{"start":{"line":207,"column":6},"end":{"line":209,"column":24}},"84":{"start":{"line":212,"column":6},"end":{"line":214,"column":23}},"85":{"start":{"line":218,"column":9},"end":{"line":257,"column":4}},"86":{"start":{"line":219,"column":15},"end":{"line":219,"column":38}},"87":{"start":{"line":220,"column":4},"end":{"line":256,"column":5}},"88":{"start":{"line":221,"column":6},"end":{"line":223,"column":7}},"89":{"start":{"line":222,"column":8},"end":{"line":222,"column":66}},"90":{"start":{"line":225,"column":17},"end":{"line":225,"column":68}},"91":{"start":{"line":227,"column":6},"end":{"line":229,"column":7}},"92":{"start":{"line":228,"column":8},"end":{"line":228,"column":61}},"93":{"start":{"line":231,"column":6},"end":{"line":231,"column":54}},"94":{"start":{"line":232,"column":6},"end":{"line":232,"column":78}},"95":{"start":{"line":233,"column":6},"end":{"line":233,"column":42}},"96":{"start":{"line":234,"column":6},"end":{"line":234,"column":38}},"97":{"start":{"line":235,"column":6},"end":{"line":235,"column":52}},"98":{"start":{"line":236,"column":6},"end":{"line":236,"column":44}},"99":{"start":{"line":237,"column":6},"end":{"line":237,"column":34}},"100":{"start":{"line":238,"column":6},"end":{"line":238,"column":40}},"101":{"start":{"line":239,"column":6},"end":{"line":239,"column":55}},"102":{"start":{"line":241,"column":21},"end":{"line":241,"column":41}},"103":{"start":{"line":242,"column":6},"end":{"line":244,"column":7}},"104":{"start":{"line":243,"column":8},"end":{"line":243,"column":92}},"105":{"start":{"line":243,"column":42},"end":{"line":243,"column":78}},"106":{"start":{"line":246,"column":6},"end":{"line":246,"column":50}},"107":{"start":{"line":248,"column":6},"end":{"line":250,"column":24}},"108":{"start":{"line":253,"column":6},"end":{"line":255,"column":23}},"109":{"start":{"line":33,"column":4},"end":{"line":33,"column":60}},"110":{"start":{"line":15,"column":0},"end":{"line":15,"column":13}},"111":{"start":{"line":16,"column":25},"end":{"line":16,"column":53}},"112":{"start":{"line":17,"column":25},"end":{"line":17,"column":56}},"113":{"start":{"line":18,"column":25},"end":{"line":18,"column":48}},"114":{"start":{"line":19,"column":25},"end":{"line":19,"column":56}},"115":{"start":{"line":19,"column":72},"end":{"line":19,"column":53}},"116":{"start":{"line":20,"column":25},"end":{"line":20,"column":51}},"117":{"start":{"line":21,"column":25},"end":{"line":21,"column":58}},"118":{"start":{"line":22,"column":25},"end":{"line":22,"column":57}},"119":{"start":{"line":23,"column":25},"end":{"line":23,"column":61}},"120":{"start":{"line":24,"column":25},"end":{"line":24,"column":48}},"121":{"start":{"line":25,"column":25},"end":{"line":25,"column":49}},"122":{"start":{"line":25,"column":68},"end":{"line":25,"column":46}},"123":{"start":{"line":26,"column":25},"end":{"line":26,"column":49}},"124":{"start":{"line":26,"column":68},"end":{"line":26,"column":46}},"125":{"start":{"line":27,"column":25},"end":{"line":27,"column":59}},"126":{"start":{"line":27,"column":78},"end":{"line":27,"column":56}},"127":{"start":{"line":28,"column":25},"end":{"line":28,"column":51}}},"fnMap":{"0":{"name":"(anonymous_0)","decl":{"start":{"line":32,"column":2},"end":{"line":32,"column":null}},"loc":{"start":{"line":32,"column":2},"end":{"line":34,"column":3}}},"1":{"name":"(anonymous_1)","decl":{"start":{"line":36,"column":18},"end":{"line":36,"column":23}},"loc":{"start":{"line":36,"column":71},"end":{"line":53,"column":3}}},"2":{"name":"(anonymous_2)","decl":{"start":{"line":55,"column":22},"end":{"line":55,"column":27}},"loc":{"start":{"line":55,"column":75},"end":{"line":82,"column":3}}},"3":{"name":"(anonymous_3)","decl":{"start":{"line":84,"column":19},"end":{"line":84,"column":24}},"loc":{"start":{"line":84,"column":72},"end":{"line":110,"column":3}}},"4":{"name":"(anonymous_4)","decl":{"start":{"line":112,"column":27},"end":{"line":112,"column":32}},"loc":{"start":{"line":112,"column":80},"end":{"line":144,"column":3}}},"5":{"name":"(anonymous_5)","decl":{"start":{"line":146,"column":23},"end":{"line":146,"column":28}},"loc":{"start":{"line":146,"column":77},"end":{"line":161,"column":3}}},"6":{"name":"(anonymous_6)","decl":{"start":{"line":151,"column":32},"end":{"line":151,"column":36}},"loc":{"start":{"line":151,"column":41},"end":{"line":158,"column":6}}},"7":{"name":"(anonymous_7)","decl":{"start":{"line":163,"column":18},"end":{"line":163,"column":23}},"loc":{"start":{"line":163,"column":71},"end":{"line":191,"column":3}}},"8":{"name":"(anonymous_8)","decl":{"start":{"line":178,"column":35},"end":{"line":178,"column":38}},"loc":{"start":{"line":178,"column":42},"end":{"line":178,"column":78}}},"9":{"name":"(anonymous_9)","decl":{"start":{"line":193,"column":18},"end":{"line":193,"column":23}},"loc":{"start":{"line":193,"column":71},"end":{"line":216,"column":3}}},"10":{"name":"(anonymous_10)","decl":{"start":{"line":218,"column":18},"end":{"line":218,"column":23}},"loc":{"start":{"line":218,"column":71},"end":{"line":257,"column":3}}},"11":{"name":"(anonymous_11)","decl":{"start":{"line":243,"column":35},"end":{"line":243,"column":38}},"loc":{"start":{"line":243,"column":42},"end":{"line":243,"column":78}}},"12":{"name":"(anonymous_12)","decl":{"start":{"line":19,"column":56},"end":{"line":19,"column":57}},"loc":{"start":{"line":19,"column":72},"end":{"line":19,"column":53}}},"13":{"name":"(anonymous_13)","decl":{"start":{"line":25,"column":49},"end":{"line":25,"column":50}},"loc":{"start":{"line":25,"column":68},"end":{"line":25,"column":46}}},"14":{"name":"(anonymous_14)","decl":{"start":{"line":26,"column":49},"end":{"line":26,"column":50}},"loc":{"start":{"line":26,"column":68},"end":{"line":26,"column":46}}},"15":{"name":"(anonymous_15)","decl":{"start":{"line":27,"column":59},"end":{"line":27,"column":60}},"loc":{"start":{"line":27,"column":78},"end":{"line":27,"column":56}}}},"branchMap":{"0":{"loc":{"start":{"line":42,"column":6},"end":{"line":44,"column":7}},"type":"if","locations":[{"start":{"line":42,"column":6},"end":{"line":44,"column":7}}]},"1":{"loc":{"start":{"line":58,"column":4},"end":{"line":63,"column":5}},"type":"if","locations":[{"start":{"line":58,"column":4},"end":{"line":63,"column":5}}]},"2":{"loc":{"start":{"line":58,"column":8},"end":{"line":58,"column":43}},"type":"binary-expr","locations":[{"start":{"line":58,"column":8},"end":{"line":58,"column":14}},{"start":{"line":58,"column":18},"end":{"line":58,"column":43}}]},"3":{"loc":{"start":{"line":68,"column":6},"end":{"line":73,"column":7}},"type":"if","locations":[{"start":{"line":68,"column":6},"end":{"line":73,"column":7}}]},"4":{"loc":{"start":{"line":86,"column":4},"end":{"line":91,"column":5}},"type":"if","locations":[{"start":{"line":86,"column":4},"end":{"line":91,"column":5}}]},"5":{"loc":{"start":{"line":96,"column":6},"end":{"line":101,"column":7}},"type":"if","locations":[{"start":{"line":96,"column":6},"end":{"line":101,"column":7}}]},"6":{"loc":{"start":{"line":122,"column":4},"end":{"line":124,"column":5}},"type":"if","locations":[{"start":{"line":122,"column":4},"end":{"line":124,"column":5}}]},"7":{"loc":{"start":{"line":126,"column":4},"end":{"line":136,"column":5}},"type":"if","locations":[{"start":{"line":126,"column":4},"end":{"line":136,"column":5}}]},"8":{"loc":{"start":{"line":133,"column":6},"end":{"line":135,"column":7}},"type":"if","locations":[{"start":{"line":133,"column":6},"end":{"line":135,"column":7}}]},"9":{"loc":{"start":{"line":141,"column":18},"end":{"line":141,"column":47}},"type":"binary-expr","locations":[{"start":{"line":141,"column":18},"end":{"line":141,"column":39}},{"start":{"line":141,"column":43},"end":{"line":141,"column":47}}]},"10":{"loc":{"start":{"line":155,"column":12},"end":{"line":155,"column":34}},"type":"binary-expr","locations":[{"start":{"line":155,"column":12},"end":{"line":155,"column":21}},{"start":{"line":155,"column":25},"end":{"line":155,"column":34}}]},"11":{"loc":{"start":{"line":156,"column":18},"end":{"line":156,"column":49}},"type":"binary-expr","locations":[{"start":{"line":156,"column":18},"end":{"line":156,"column":33}},{"start":{"line":156,"column":37},"end":{"line":156,"column":49}}]},"12":{"loc":{"start":{"line":177,"column":6},"end":{"line":179,"column":7}},"type":"if","locations":[{"start":{"line":177,"column":6},"end":{"line":179,"column":7}}]},"13":{"loc":{"start":{"line":178,"column":56},"end":{"line":178,"column":77}},"type":"binary-expr","locations":[{"start":{"line":178,"column":56},"end":{"line":178,"column":71}},{"start":{"line":178,"column":75},"end":{"line":178,"column":77}}]},"14":{"loc":{"start":{"line":197,"column":6},"end":{"line":199,"column":7}},"type":"if","locations":[{"start":{"line":197,"column":6},"end":{"line":199,"column":7}}]},"15":{"loc":{"start":{"line":203,"column":6},"end":{"line":205,"column":7}},"type":"if","locations":[{"start":{"line":203,"column":6},"end":{"line":205,"column":7}}]},"16":{"loc":{"start":{"line":221,"column":6},"end":{"line":223,"column":7}},"type":"if","locations":[{"start":{"line":221,"column":6},"end":{"line":223,"column":7}}]},"17":{"loc":{"start":{"line":227,"column":6},"end":{"line":229,"column":7}},"type":"if","locations":[{"start":{"line":227,"column":6},"end":{"line":229,"column":7}}]},"18":{"loc":{"start":{"line":242,"column":6},"end":{"line":244,"column":7}},"type":"if","locations":[{"start":{"line":242,"column":6},"end":{"line":244,"column":7}}]},"19":{"loc":{"start":{"line":243,"column":56},"end":{"line":243,"column":77}},"type":"binary-expr","locations":[{"start":{"line":243,"column":56},"end":{"line":243,"column":71}},{"start":{"line":243,"column":75},"end":{"line":243,"column":77}}]}},"s":{"0":1,"1":1,"2":1,"3":1,"4":1,"5":1,"6":1,"7":6,"8":1,"9":1,"10":1,"11":0,"12":1,"13":0,"14":6,"15":0,"16":0,"17":0,"18":0,"19":0,"20":0,"21":0,"22":0,"23":0,"24":0,"25":0,"26":6,"27":0,"28":0,"29":0,"30":0,"31":0,"32":0,"33":0,"34":0,"35":0,"36":0,"37":0,"38":6,"39":1,"40":1,"41":1,"42":1,"43":1,"44":0,"45":1,"46":1,"47":1,"48":1,"49":0,"50":1,"51":6,"52":0,"53":0,"54":0,"55":0,"56":6,"57":2,"58":2,"59":2,"60":2,"61":2,"62":2,"63":2,"64":2,"65":2,"66":2,"67":2,"68":2,"69":2,"70":1,"71":1,"72":1,"73":1,"74":1,"75":6,"76":1,"77":1,"78":1,"79":0,"80":1,"81":1,"82":0,"83":1,"84":0,"85":6,"86":1,"87":1,"88":1,"89":0,"90":1,"91":1,"92":0,"93":1,"94":1,"95":1,"96":1,"97":1,"98":1,"99":1,"100":1,"101":1,"102":1,"103":1,"104":0,"105":0,"106":1,"107":1,"108":0,"109":6,"110":1,"111":1,"112":1,"113":1,"114":1,"115":0,"116":1,"117":1,"118":1,"119":1,"120":1,"121":1,"122":0,"123":1,"124":0,"125":1,"126":0,"127":1},"f":{"0":6,"1":1,"2":0,"3":0,"4":1,"5":0,"6":0,"7":2,"8":1,"9":1,"10":1,"11":0,"12":0,"13":0,"14":0,"15":0},"b":{"0":[0],"1":[0],"2":[0,0],"3":[0],"4":[0],"5":[0],"6":[0],"7":[1],"8":[0],"9":[1,0],"10":[0,0],"11":[0,0],"12":[1],"13":[1,0],"14":[0],"15":[0],"16":[0],"17":[0],"18":[0],"19":[0,0]}}
,"C:\\Users\\nisso\\Documents\\University\\Year 2\\OOP Assignment\\AnnualLeaveProject\\src\\controller\\controllers\\UserManagementController.ts": {"path":"C:\\Users\\nisso\\Documents\\University\\Year 2\\OOP Assignment\\AnnualLeaveProject\\src\\controller\\controllers\\UserManagementController.ts","statementMap":{"0":{"start":{"line":2,"column":0},"end":{"line":2,"column":50}},"1":{"start":{"line":3,"column":0},"end":{"line":3,"column":63}},"2":{"start":{"line":4,"column":0},"end":{"line":4,"column":43}},"3":{"start":{"line":6,"column":0},"end":{"line":6,"column":73}},"4":{"start":{"line":15,"column":9},"end":{"line":38,"column":4}},"5":{"start":{"line":16,"column":4},"end":{"line":37,"column":5}},"6":{"start":{"line":17,"column":47},"end":{"line":17,"column":55}},"7":{"start":{"line":19,"column":23},"end":{"line":19,"column":56}},"8":{"start":{"line":20,"column":19},"end":{"line":20,"column":55}},"9":{"start":{"line":21,"column":22},"end":{"line":21,"column":69}},"10":{"start":{"line":23,"column":6},"end":{"line":25,"column":7}},"11":{"start":{"line":24,"column":8},"end":{"line":24,"column":89}},"12":{"start":{"line":27,"column":20},"end":{"line":27,"column":40}},"13":{"start":{"line":28,"column":6},"end":{"line":28,"column":24}},"14":{"start":{"line":29,"column":6},"end":{"line":29,"column":30}},"15":{"start":{"line":30,"column":6},"end":{"line":30,"column":44}},"16":{"start":{"line":32,"column":20},"end":{"line":32,"column":47}},"17":{"start":{"line":33,"column":6},"end":{"line":33,"column":59}},"18":{"start":{"line":35,"column":6},"end":{"line":35,"column":27}},"19":{"start":{"line":36,"column":6},"end":{"line":36,"column":93}},"20":{"start":{"line":40,"column":9},"end":{"line":48,"column":4}},"21":{"start":{"line":41,"column":4},"end":{"line":47,"column":5}},"22":{"start":{"line":42,"column":22},"end":{"line":42,"column":78}},"23":{"start":{"line":43,"column":6},"end":{"line":43,"column":56}},"24":{"start":{"line":45,"column":6},"end":{"line":45,"column":27}},"25":{"start":{"line":46,"column":6},"end":{"line":46,"column":97}},"26":{"start":{"line":12,"column":4},"end":{"line":12,"column":60}},"27":{"start":{"line":8,"column":0},"end":{"line":8,"column":13}}},"fnMap":{"0":{"name":"(anonymous_0)","decl":{"start":{"line":11,"column":2},"end":{"line":11,"column":null}},"loc":{"start":{"line":11,"column":2},"end":{"line":13,"column":3}}},"1":{"name":"(anonymous_1)","decl":{"start":{"line":15,"column":18},"end":{"line":15,"column":23}},"loc":{"start":{"line":15,"column":71},"end":{"line":38,"column":3}}},"2":{"name":"(anonymous_2)","decl":{"start":{"line":40,"column":18},"end":{"line":40,"column":23}},"loc":{"start":{"line":40,"column":72},"end":{"line":48,"column":3}}}},"branchMap":{"0":{"loc":{"start":{"line":23,"column":6},"end":{"line":25,"column":7}},"type":"if","locations":[{"start":{"line":23,"column":6},"end":{"line":25,"column":7}}]},"1":{"loc":{"start":{"line":23,"column":10},"end":{"line":23,"column":27}},"type":"binary-expr","locations":[{"start":{"line":23,"column":10},"end":{"line":23,"column":15}},{"start":{"line":23,"column":19},"end":{"line":23,"column":27}}]}},"s":{"0":1,"1":1,"2":1,"3":1,"4":5,"5":3,"6":3,"7":3,"8":3,"9":2,"10":2,"11":1,"12":1,"13":1,"14":1,"15":1,"16":1,"17":1,"18":1,"19":1,"20":5,"21":2,"22":2,"23":1,"24":1,"25":1,"26":5,"27":1},"f":{"0":5,"1":3,"2":2},"b":{"0":[1],"1":[2,1]}}
}
