TN:
SF:src\controller\controllers\DepartmentController.ts
FN:9,(anonymous_0)
FN:10,(anonymous_1)
FN:15,(anonymous_2)
FN:23,(anonymous_3)
FNF:4
FNH:2
FNDA:3,(anonymous_0)
FNDA:0,(anonymous_1)
FNDA:0,(anonymous_2)
FNDA:3,(anonymous_3)
DA:2,1
DA:3,1
DA:4,1
DA:5,1
DA:6,1
DA:9,1
DA:10,3
DA:11,0
DA:12,0
DA:15,3
DA:16,0
DA:17,0
DA:18,0
DA:19,0
DA:20,0
DA:24,3
DA:25,3
DA:27,3
DA:28,0
DA:31,3
DA:33,3
DA:38,2
DA:39,1
DA:42,1
DA:44,1
DA:51,1
DA:53,1
DA:54,1
LF:28
LH:20
BRDA:27,0,0,0
BRDA:38,1,0,1
BRDA:38,2,0,2
BRDA:38,2,1,1
BRF:4
BRH:3
end_of_record
TN:
SF:src\controller\controllers\LeaveRequestController.ts
FN:14,(anonymous_0)
FN:59,(anonymous_1)
FN:70,(anonymous_2)
FN:83,(anonymous_3)
FN:145,(anonymous_4)
FN:188,(anonymous_5)
FN:230,(anonymous_6)
FN:247,(anonymous_7)
FN:18,(anonymous_8)
FN:27,(anonymous_9)
FNF:10
FNH:9
FNDA:8,(anonymous_0)
FNDA:1,(anonymous_1)
FNDA:1,(anonymous_2)
FNDA:1,(anonymous_3)
FNDA:1,(anonymous_4)
FNDA:1,(anonymous_5)
FNDA:1,(anonymous_6)
FNDA:1,(anonymous_7)
FNDA:0,(anonymous_8)
FNDA:3,(anonymous_9)
DA:2,1
DA:3,1
DA:4,1
DA:5,1
DA:6,1
DA:7,1
DA:9,1
DA:11,1
DA:15,8
DA:19,0
DA:20,0
DA:21,0
DA:23,0
DA:28,3
DA:29,3
DA:31,3
DA:32,1
DA:35,2
DA:36,2
DA:38,2
DA:39,2
DA:41,2
DA:42,1
DA:45,1
DA:46,1
DA:47,1
DA:48,1
DA:49,1
DA:50,1
DA:52,1
DA:53,1
DA:55,0
DA:56,0
DA:59,8
DA:60,1
DA:62,1
DA:63,1
DA:65,1
DA:70,1
DA:72,1
DA:80,1
DA:83,8
DA:84,1
DA:86,1
DA:87,1
DA:92,1
DA:93,0
DA:96,1
DA:97,0
DA:100,1
DA:101,1
DA:102,1
DA:103,1
DA:105,1
DA:106,1
DA:112,1
DA:113,0
DA:116,1
DA:117,0
DA:120,1
DA:124,0
DA:125,0
DA:127,0
DA:128,0
DA:130,0
DA:140,1
DA:141,1
DA:145,8
DA:146,1
DA:148,1
DA:149,1
DA:154,1
DA:155,0
DA:158,1
DA:159,0
DA:162,1
DA:164,1
DA:165,1
DA:171,1
DA:172,1
DA:174,1
DA:183,0
DA:184,0
DA:188,8
DA:189,1
DA:191,1
DA:192,1
DA:197,1
DA:198,0
DA:201,1
DA:202,0
DA:205,1
DA:207,1
DA:208,1
DA:214,1
DA:215,1
DA:217,1
DA:226,0
DA:227,0
DA:230,8
DA:231,1
DA:232,1
DA:234,1
DA:235,0
DA:238,1
DA:243,1
DA:244,0
DA:247,1
DA:248,1
DA:250,0
DA:251,0
LF:111
LH:84
BRDA:92,0,0,0
BRDA:96,1,0,0
BRDA:112,2,0,0
BRDA:116,3,0,0
BRDA:154,4,0,0
BRDA:158,5,0,0
BRDA:197,6,0,0
BRDA:201,7,0,0
BRDA:234,8,0,0
BRDA:243,9,0,0
BRDA:31,10,0,1
BRDA:31,11,0,3
BRDA:31,11,1,2
BRDA:31,11,2,2
BRDA:31,11,3,2
BRDA:41,12,0,1
BRDA:41,13,0,2
BRDA:41,13,1,1
BRDA:50,14,0,1
BRDA:50,14,1,0
BRF:20
BRH:9
end_of_record
TN:
SF:src\controller\controllers\LeaveTypeController.ts
FN:10,(anonymous_0)
FN:14,(anonymous_1)
FN:23,(anonymous_2)
FNF:3
FNH:3
FNDA:4,(anonymous_0)
FNDA:2,(anonymous_1)
FNDA:2,(anonymous_2)
DA:2,1
DA:3,1
DA:5,1
DA:7,1
DA:11,4
DA:15,2
DA:16,2
DA:17,1
DA:19,1
DA:24,2
DA:25,2
DA:26,2
DA:27,1
DA:29,1
LF:14
LH:14
BRF:0
BRH:0
end_of_record
TN:
SF:src\controller\controllers\LoginController.ts
FN:9,(anonymous_1)
FN:12,(anonymous_2)
FN:47,(anonymous_3)
FNF:3
FNH:3
FNDA:7,(anonymous_1)
FNDA:4,(anonymous_2)
FNDA:3,(anonymous_3)
DA:1,1
DA:2,1
DA:4,1
DA:5,1
DA:6,1
DA:7,1
DA:9,1
DA:10,7
DA:13,4
DA:15,4
DA:16,1
DA:19,3
DA:26,3
DA:27,1
DA:30,2
DA:31,2
DA:32,1
DA:35,1
DA:45,1
DA:48,3
DA:49,3
DA:50,2
DA:51,1
DA:52,1
DA:54,1
DA:56,1
LF:26
LH:26
BRDA:15,0,0,1
BRDA:15,1,0,4
BRDA:15,1,1,3
BRDA:26,2,0,1
BRDA:31,3,0,1
BRDA:50,4,0,1
BRDA:50,5,0,2
BRDA:50,5,1,2
BRF:8
BRH:8
end_of_record
TN:
SF:src\controller\controllers\RoleController.ts
FN:22,(anonymous_0)
FN:26,(anonymous_1)
FN:38,(anonymous_2)
FN:59,(anonymous_3)
FN:65,(anonymous_4)
FN:75,(anonymous_5)
FN:91,(anonymous_6)
FN:108,(anonymous_7)
FN:15,(anonymous_8)
FNF:9
FNH:8
FNDA:13,(anonymous_0)
FNDA:2,(anonymous_1)
FNDA:3,(anonymous_2)
FNDA:2,(anonymous_3)
FNDA:1,(anonymous_4)
FNDA:3,(anonymous_5)
FNDA:3,(anonymous_6)
FNDA:0,(anonymous_7)
FNDA:1,(anonymous_8)
DA:2,1
DA:3,1
DA:5,1
DA:6,1
DA:7,1
DA:9,1
DA:11,1
DA:12,1
DA:13,1
DA:14,1
DA:15,1
DA:16,1
DA:17,1
DA:18,1
DA:19,1
DA:23,13
DA:26,13
DA:27,2
DA:29,2
DA:30,1
DA:32,1
DA:35,1
DA:38,13
DA:39,3
DA:41,3
DA:42,1
DA:45,1
DA:48,2
DA:49,2
DA:50,1
DA:53,1
DA:56,1
DA:59,13
DA:60,2
DA:61,2
DA:62,2
DA:64,2
DA:65,1
DA:68,1
DA:70,1
DA:75,13
DA:76,3
DA:78,3
DA:79,1
DA:82,2
DA:84,2
DA:85,1
DA:88,1
DA:91,13
DA:92,3
DA:94,3
DA:95,1
DA:98,2
DA:100,2
DA:101,1
DA:104,1
DA:106,1
DA:107,1
DA:108,0
DA:111,1
DA:113,1
LF:61
LH:60
BRDA:29,0,0,1
BRDA:41,1,0,1
BRDA:49,2,0,1
BRDA:64,3,0,1
BRDA:65,4,0,1
BRDA:65,4,1,0
BRDA:78,5,0,1
BRDA:84,6,0,1
BRDA:94,7,0,1
BRDA:100,8,0,1
BRDA:107,9,0,0
BRDA:108,10,0,0
BRDA:108,10,1,0
BRF:13
BRH:9
end_of_record
TN:
SF:src\controller\controllers\UserController.ts
FN:32,(anonymous_0)
FN:36,(anonymous_1)
FN:55,(anonymous_2)
FN:84,(anonymous_3)
FN:112,(anonymous_4)
FN:146,(anonymous_5)
FN:151,(anonymous_6)
FN:163,(anonymous_7)
FN:178,(anonymous_8)
FN:193,(anonymous_9)
FN:218,(anonymous_10)
FN:243,(anonymous_11)
FN:19,(anonymous_12)
FN:25,(anonymous_13)
FN:26,(anonymous_14)
FN:27,(anonymous_15)
FNF:16
FNH:7
FNDA:6,(anonymous_0)
FNDA:1,(anonymous_1)
FNDA:0,(anonymous_2)
FNDA:0,(anonymous_3)
FNDA:1,(anonymous_4)
FNDA:0,(anonymous_5)
FNDA:0,(anonymous_6)
FNDA:2,(anonymous_7)
FNDA:1,(anonymous_8)
FNDA:1,(anonymous_9)
FNDA:1,(anonymous_10)
FNDA:0,(anonymous_11)
FNDA:0,(anonymous_12)
FNDA:0,(anonymous_13)
FNDA:0,(anonymous_14)
FNDA:0,(anonymous_15)
DA:2,1
DA:3,1
DA:4,1
DA:6,1
DA:7,1
DA:8,1
DA:9,1
DA:15,1
DA:16,1
DA:17,1
DA:18,1
DA:19,1
DA:20,1
DA:21,1
DA:22,1
DA:23,1
DA:24,1
DA:25,1
DA:26,1
DA:27,1
DA:28,1
DA:33,6
DA:36,6
DA:37,1
DA:38,1
DA:42,1
DA:43,0
DA:46,1
DA:49,0
DA:55,6
DA:56,0
DA:58,0
DA:59,0
DA:62,0
DA:65,0
DA:66,0
DA:68,0
DA:69,0
DA:72,0
DA:75,0
DA:78,0
DA:84,6
DA:85,0
DA:86,0
DA:87,0
DA:90,0
DA:93,0
DA:94,0
DA:96,0
DA:97,0
DA:100,0
DA:103,0
DA:106,0
DA:112,6
DA:113,1
DA:114,1
DA:116,1
DA:117,1
DA:122,1
DA:123,0
DA:126,1
DA:127,1
DA:128,1
DA:133,1
DA:134,0
DA:138,1
DA:146,6
DA:147,0
DA:151,0
DA:160,0
DA:163,6
DA:164,2
DA:165,2
DA:166,2
DA:167,2
DA:168,2
DA:169,2
DA:170,2
DA:171,2
DA:172,2
DA:173,2
DA:174,2
DA:176,2
DA:177,2
DA:178,1
DA:181,1
DA:182,1
DA:187,1
DA:193,6
DA:194,1
DA:196,1
DA:197,1
DA:198,0
DA:201,1
DA:203,1
DA:204,0
DA:207,1
DA:212,0
DA:218,6
DA:219,1
DA:220,1
DA:221,1
DA:222,0
DA:225,1
DA:227,1
DA:228,0
DA:231,1
DA:232,1
DA:233,1
DA:234,1
DA:235,1
DA:236,1
DA:237,1
DA:238,1
DA:239,1
DA:241,1
DA:242,1
DA:243,0
DA:246,1
DA:248,1
DA:253,0
LF:121
LH:85
BRDA:42,0,0,0
BRDA:58,1,0,0
BRDA:58,2,0,0
BRDA:58,2,1,0
BRDA:68,3,0,0
BRDA:86,4,0,0
BRDA:96,5,0,0
BRDA:122,6,0,0
BRDA:126,7,0,1
BRDA:133,8,0,0
BRDA:141,9,0,1
BRDA:141,9,1,0
BRDA:155,10,0,0
BRDA:155,10,1,0
BRDA:156,11,0,0
BRDA:156,11,1,0
BRDA:177,12,0,1
BRDA:178,13,0,1
BRDA:178,13,1,0
BRDA:197,14,0,0
BRDA:203,15,0,0
BRDA:221,16,0,0
BRDA:227,17,0,0
BRDA:242,18,0,0
BRDA:243,19,0,0
BRDA:243,19,1,0
BRF:26
BRH:4
end_of_record
TN:
SF:src\controller\controllers\UserManagementController.ts
FN:11,(anonymous_0)
FN:15,(anonymous_1)
FN:40,(anonymous_2)
FNF:3
FNH:3
FNDA:5,(anonymous_0)
FNDA:3,(anonymous_1)
FNDA:2,(anonymous_2)
DA:2,1
DA:3,1
DA:4,1
DA:6,1
DA:8,1
DA:12,5
DA:15,5
DA:16,3
DA:17,3
DA:19,3
DA:20,3
DA:21,2
DA:23,2
DA:24,1
DA:27,1
DA:28,1
DA:29,1
DA:30,1
DA:32,1
DA:33,1
DA:35,1
DA:36,1
DA:40,5
DA:41,2
DA:42,2
DA:43,1
DA:45,1
DA:46,1
LF:28
LH:28
BRDA:23,0,0,1
BRDA:23,1,0,2
BRDA:23,1,1,1
BRF:3
BRH:3
end_of_record
